<?xml version="1.0" encoding="UTF-8"?>
<robot generator="Robot 5.0 (Python 3.10.4 on win32)" generated="20220616 21:03:06.697" rpa="false" schemaversion="3">
<suite id="s1" name="TestCases" source="D:\AMAzon\Test\TestCases.robot">
<kw name="Open Amazon Website" library="Instructions" type="SETUP">
<kw name="Open Browser" library="SeleniumLibrary">
<arg>${Url}</arg>
<arg>${Browser}</arg>
<doc>Opens a new browser instance to the optional ``url``.</doc>
<msg timestamp="20220616 21:03:07.261" level="INFO">Opening browser 'gc' to base url 'https://www.amazon.in/'.</msg>
<status status="PASS" starttime="20220616 21:03:07.260" endtime="20220616 21:03:11.875"/>
</kw>
<kw name="Maximize Browser Window" library="SeleniumLibrary">
<doc>Maximizes current browser window.</doc>
<status status="PASS" starttime="20220616 21:03:11.875" endtime="20220616 21:03:12.726"/>
</kw>
<status status="PASS" starttime="20220616 21:03:07.259" endtime="20220616 21:03:12.726"/>
</kw>
<test id="s1-t1" name="User Should Be Able To Fetch The Data From The Table" line="20">
<kw name="Given User Clicks On Fashion Option" library="Instructions">
<kw name="Click Link" library="SeleniumLibrary">
<arg>${Fashion}</arg>
<doc>Clicks a link identified by ``locator``.</doc>
<msg timestamp="20220616 21:03:12.730" level="INFO">Clicking link 'xpath://a[contains(text(),'Fashion')]'.</msg>
<status status="PASS" starttime="20220616 21:03:12.729" endtime="20220616 21:03:14.816"/>
</kw>
<status status="PASS" starttime="20220616 21:03:12.729" endtime="20220616 21:03:14.816"/>
</kw>
<kw name="Then User Searches For Item" library="Instructions">
<kw name="Input Text" library="SeleniumLibrary">
<arg>${Searchbar}</arg>
<arg>${shirt}</arg>
<doc>Types the given ``text`` into the text field identified by ``locator``.</doc>
<msg timestamp="20220616 21:03:14.818" level="INFO">Typing text 'U.S. POLO ASSN. Men's Regular fit T-Shirt' into text field 'xpath://*[@id='twotabsearchtextbox']'.</msg>
<status status="PASS" starttime="20220616 21:03:14.817" endtime="20220616 21:03:15.448"/>
</kw>
<kw name="Click Element" library="SeleniumLibrary">
<arg>${SearchButton}</arg>
<doc>Click the element identified by ``locator``.</doc>
<msg timestamp="20220616 21:03:15.449" level="INFO">Clicking element 'xpath://*[@id='nav-search-submit-button']'.</msg>
<status status="PASS" starttime="20220616 21:03:15.449" endtime="20220616 21:03:19.339"/>
</kw>
<status status="PASS" starttime="20220616 21:03:14.817" endtime="20220616 21:03:19.339"/>
</kw>
<kw name="Then User Should Be Able To Click On The Particular Item" library="Instructions">
<kw name="Click Element" library="SeleniumLibrary">
<arg>${Prod}</arg>
<doc>Click the element identified by ``locator``.</doc>
<msg timestamp="20220616 21:03:19.344" level="INFO">Clicking element 'xpath://*[@class='a-section aok-relative s-image-tall-aspect']'.</msg>
<status status="PASS" starttime="20220616 21:03:19.343" endtime="20220616 21:03:20.423"/>
</kw>
<status status="PASS" starttime="20220616 21:03:19.343" endtime="20220616 21:03:20.423"/>
</kw>
<kw name="Then User Clicks On Size Chart" library="Instructions">
<kw name="Switch Window" library="SeleniumLibrary">
<arg>New</arg>
<doc>Switches to browser window matching ``locator``.</doc>
<status status="PASS" starttime="20220616 21:03:20.425" endtime="20220616 21:03:20.457"/>
</kw>
<kw name="Scroll Element Into View" library="SeleniumLibrary">
<arg>${Sizechart}</arg>
<doc>Scrolls the element identified by ``locator`` into view.</doc>
<status status="PASS" starttime="20220616 21:03:20.457" endtime="20220616 21:03:25.686"/>
</kw>
<kw name="Click Element" library="SeleniumLibrary">
<arg>${Sizechart}</arg>
<doc>Click the element identified by ``locator``.</doc>
<msg timestamp="20220616 21:03:25.687" level="INFO">Clicking element 'xpath://span[@class='a-size-small']'.</msg>
<status status="PASS" starttime="20220616 21:03:25.686" endtime="20220616 21:03:26.176"/>
</kw>
<status status="PASS" starttime="20220616 21:03:20.424" endtime="20220616 21:03:26.176"/>
</kw>
<kw name="Then User Must Be Able To Fetch Data From Table" library="Instructions">
<kw name="Get Element Count" library="SeleniumLibrary">
<var>${rowCount}</var>
<arg>${Rows}</arg>
<doc>Returns the number of elements matching ``locator``.</doc>
<msg timestamp="20220616 21:03:26.274" level="INFO">${rowCount} = 6</msg>
<status status="PASS" starttime="20220616 21:03:26.178" endtime="20220616 21:03:26.274"/>
</kw>
<kw name="Log To Console" library="BuiltIn">
<arg>${rowCount}</arg>
<doc>Logs the given message to the console.</doc>
<status status="PASS" starttime="20220616 21:03:26.274" endtime="20220616 21:03:26.276"/>
</kw>
<for flavor="IN RANGE">
<var>${rowIndex}</var>
<value>2</value>
<value>${rowCount} + 1</value>
<iter>
<var name="${rowIndex}">2</var>
<kw name="Get Text" library="SeleniumLibrary">
<var>${curText}</var>
<arg>xpath://table[@id='fit-sizechartv2-0-table-0']//tr[${rowIndex}]/td[4]</arg>
<doc>Returns the text value of the element identified by ``locator``.</doc>
<msg timestamp="20220616 21:03:26.320" level="INFO">${curText} = 16.2</msg>
<status status="PASS" starttime="20220616 21:03:26.276" endtime="20220616 21:03:26.320"/>
</kw>
<if>
<branch type="IF" condition="'${curText}' == '${cellText}'">
<kw name="Get Text" library="SeleniumLibrary">
<var>${Dataa}</var>
<arg>xpath://table[@id='fit-sizechartv2-0-table-0']//tr[${rowIndex}]//td[1]</arg>
<doc>Returns the text value of the element identified by ``locator``.</doc>
<status status="NOT RUN" starttime="20220616 21:03:26.321" endtime="20220616 21:03:26.321"/>
</kw>
<status status="NOT RUN" starttime="20220616 21:03:26.321" endtime="20220616 21:03:26.321"/>
</branch>
<branch type="ELSE">
<kw name="Log To Console" library="BuiltIn">
<arg>${curText}</arg>
<doc>Logs the given message to the console.</doc>
<status status="PASS" starttime="20220616 21:03:26.322" endtime="20220616 21:03:26.324"/>
</kw>
<status status="PASS" starttime="20220616 21:03:26.321" endtime="20220616 21:03:26.324"/>
</branch>
<status status="PASS" starttime="20220616 21:03:26.320" endtime="20220616 21:03:26.324"/>
</if>
<status status="PASS" starttime="20220616 21:03:26.276" endtime="20220616 21:03:26.324"/>
</iter>
<iter>
<var name="${rowIndex}">3</var>
<kw name="Get Text" library="SeleniumLibrary">
<var>${curText}</var>
<arg>xpath://table[@id='fit-sizechartv2-0-table-0']//tr[${rowIndex}]/td[4]</arg>
<doc>Returns the text value of the element identified by ``locator``.</doc>
<msg timestamp="20220616 21:03:26.554" level="INFO">${curText} = 17</msg>
<status status="PASS" starttime="20220616 21:03:26.325" endtime="20220616 21:03:26.554"/>
</kw>
<if>
<branch type="IF" condition="'${curText}' == '${cellText}'">
<kw name="Get Text" library="SeleniumLibrary">
<var>${Dataa}</var>
<arg>xpath://table[@id='fit-sizechartv2-0-table-0']//tr[${rowIndex}]//td[1]</arg>
<doc>Returns the text value of the element identified by ``locator``.</doc>
<msg timestamp="20220616 21:03:26.651" level="INFO">${Dataa} = M</msg>
<status status="PASS" starttime="20220616 21:03:26.555" endtime="20220616 21:03:26.652"/>
</kw>
<status status="PASS" starttime="20220616 21:03:26.555" endtime="20220616 21:03:26.652"/>
</branch>
<branch type="ELSE">
<kw name="Log To Console" library="BuiltIn">
<arg>${curText}</arg>
<doc>Logs the given message to the console.</doc>
<status status="NOT RUN" starttime="20220616 21:03:26.652" endtime="20220616 21:03:26.652"/>
</kw>
<status status="NOT RUN" starttime="20220616 21:03:26.652" endtime="20220616 21:03:26.652"/>
</branch>
<status status="PASS" starttime="20220616 21:03:26.554" endtime="20220616 21:03:26.652"/>
</if>
<status status="PASS" starttime="20220616 21:03:26.325" endtime="20220616 21:03:26.652"/>
</iter>
<iter>
<var name="${rowIndex}">4</var>
<kw name="Get Text" library="SeleniumLibrary">
<var>${curText}</var>
<arg>xpath://table[@id='fit-sizechartv2-0-table-0']//tr[${rowIndex}]/td[4]</arg>
<doc>Returns the text value of the element identified by ``locator``.</doc>
<msg timestamp="20220616 21:03:26.768" level="INFO">${curText} = 17.8</msg>
<status status="PASS" starttime="20220616 21:03:26.653" endtime="20220616 21:03:26.768"/>
</kw>
<if>
<branch type="IF" condition="'${curText}' == '${cellText}'">
<kw name="Get Text" library="SeleniumLibrary">
<var>${Dataa}</var>
<arg>xpath://table[@id='fit-sizechartv2-0-table-0']//tr[${rowIndex}]//td[1]</arg>
<doc>Returns the text value of the element identified by ``locator``.</doc>
<status status="NOT RUN" starttime="20220616 21:03:26.769" endtime="20220616 21:03:26.769"/>
</kw>
<status status="NOT RUN" starttime="20220616 21:03:26.769" endtime="20220616 21:03:26.769"/>
</branch>
<branch type="ELSE">
<kw name="Log To Console" library="BuiltIn">
<arg>${curText}</arg>
<doc>Logs the given message to the console.</doc>
<status status="PASS" starttime="20220616 21:03:26.770" endtime="20220616 21:03:26.771"/>
</kw>
<status status="PASS" starttime="20220616 21:03:26.770" endtime="20220616 21:03:26.772"/>
</branch>
<status status="PASS" starttime="20220616 21:03:26.769" endtime="20220616 21:03:26.772"/>
</if>
<status status="PASS" starttime="20220616 21:03:26.652" endtime="20220616 21:03:26.772"/>
</iter>
<iter>
<var name="${rowIndex}">5</var>
<kw name="Get Text" library="SeleniumLibrary">
<var>${curText}</var>
<arg>xpath://table[@id='fit-sizechartv2-0-table-0']//tr[${rowIndex}]/td[4]</arg>
<doc>Returns the text value of the element identified by ``locator``.</doc>
<msg timestamp="20220616 21:03:26.876" level="INFO">${curText} = 18.5</msg>
<status status="PASS" starttime="20220616 21:03:26.772" endtime="20220616 21:03:26.876"/>
</kw>
<if>
<branch type="IF" condition="'${curText}' == '${cellText}'">
<kw name="Get Text" library="SeleniumLibrary">
<var>${Dataa}</var>
<arg>xpath://table[@id='fit-sizechartv2-0-table-0']//tr[${rowIndex}]//td[1]</arg>
<doc>Returns the text value of the element identified by ``locator``.</doc>
<status status="NOT RUN" starttime="20220616 21:03:26.877" endtime="20220616 21:03:26.877"/>
</kw>
<status status="NOT RUN" starttime="20220616 21:03:26.877" endtime="20220616 21:03:26.877"/>
</branch>
<branch type="ELSE">
<kw name="Log To Console" library="BuiltIn">
<arg>${curText}</arg>
<doc>Logs the given message to the console.</doc>
<status status="PASS" starttime="20220616 21:03:26.877" endtime="20220616 21:03:26.878"/>
</kw>
<status status="PASS" starttime="20220616 21:03:26.877" endtime="20220616 21:03:26.878"/>
</branch>
<status status="PASS" starttime="20220616 21:03:26.876" endtime="20220616 21:03:26.878"/>
</if>
<status status="PASS" starttime="20220616 21:03:26.772" endtime="20220616 21:03:26.879"/>
</iter>
<iter>
<var name="${rowIndex}">6</var>
<kw name="Get Text" library="SeleniumLibrary">
<var>${curText}</var>
<arg>xpath://table[@id='fit-sizechartv2-0-table-0']//tr[${rowIndex}]/td[4]</arg>
<doc>Returns the text value of the element identified by ``locator``.</doc>
<msg timestamp="20220616 21:03:26.985" level="INFO">${curText} = 19.2</msg>
<status status="PASS" starttime="20220616 21:03:26.879" endtime="20220616 21:03:26.985"/>
</kw>
<if>
<branch type="IF" condition="'${curText}' == '${cellText}'">
<kw name="Get Text" library="SeleniumLibrary">
<var>${Dataa}</var>
<arg>xpath://table[@id='fit-sizechartv2-0-table-0']//tr[${rowIndex}]//td[1]</arg>
<doc>Returns the text value of the element identified by ``locator``.</doc>
<status status="NOT RUN" starttime="20220616 21:03:26.986" endtime="20220616 21:03:26.986"/>
</kw>
<status status="NOT RUN" starttime="20220616 21:03:26.985" endtime="20220616 21:03:26.986"/>
</branch>
<branch type="ELSE">
<kw name="Log To Console" library="BuiltIn">
<arg>${curText}</arg>
<doc>Logs the given message to the console.</doc>
<status status="PASS" starttime="20220616 21:03:26.986" endtime="20220616 21:03:26.987"/>
</kw>
<status status="PASS" starttime="20220616 21:03:26.986" endtime="20220616 21:03:26.987"/>
</branch>
<status status="PASS" starttime="20220616 21:03:26.985" endtime="20220616 21:03:26.987"/>
</if>
<status status="PASS" starttime="20220616 21:03:26.879" endtime="20220616 21:03:26.987"/>
</iter>
<status status="PASS" starttime="20220616 21:03:26.276" endtime="20220616 21:03:26.987"/>
</for>
<kw name="Log To Console" library="BuiltIn">
<arg>${Dataa}</arg>
<doc>Logs the given message to the console.</doc>
<status status="PASS" starttime="20220616 21:03:26.987" endtime="20220616 21:03:26.988"/>
</kw>
<kw name="Click Element" library="SeleniumLibrary">
<arg>${CloseChart}</arg>
<doc>Click the element identified by ``locator``.</doc>
<msg timestamp="20220616 21:03:26.989" level="INFO">Clicking element 'xpath://*[@class=' a-button-close a-declarative']'.</msg>
<status status="PASS" starttime="20220616 21:03:26.988" endtime="20220616 21:03:27.234"/>
</kw>
<if>
<branch type="IF" condition="&quot;${Dataa}&quot; == &quot;S&quot;">
<kw name="Set Variable" library="BuiltIn">
<var>${BS}</var>
<arg>0</arg>
<doc>Returns the given values which can then be assigned to a variables.</doc>
<status status="NOT RUN" starttime="20220616 21:03:27.235" endtime="20220616 21:03:27.235"/>
</kw>
<status status="NOT RUN" starttime="20220616 21:03:27.234" endtime="20220616 21:03:27.235"/>
</branch>
<branch type="ELSE IF" condition="&quot;${Dataa}&quot; == &quot;M&quot;">
<kw name="Set Variable" library="BuiltIn">
<var>${BS}</var>
<arg>1</arg>
<doc>Returns the given values which can then be assigned to a variables.</doc>
<msg timestamp="20220616 21:03:27.236" level="INFO">${BS} = 1</msg>
<status status="PASS" starttime="20220616 21:03:27.235" endtime="20220616 21:03:27.236"/>
</kw>
<status status="PASS" starttime="20220616 21:03:27.235" endtime="20220616 21:03:27.236"/>
</branch>
<branch type="ELSE IF" condition="&quot;${Dataa}&quot; == &quot;L&quot;">
<kw name="Set Variable" library="BuiltIn">
<var>${BS}</var>
<arg>2</arg>
<doc>Returns the given values which can then be assigned to a variables.</doc>
<status status="NOT RUN" starttime="20220616 21:03:27.236" endtime="20220616 21:03:27.237"/>
</kw>
<status status="NOT RUN" starttime="20220616 21:03:27.236" endtime="20220616 21:03:27.237"/>
</branch>
<branch type="ELSE IF" condition="&quot;${Dataa}&quot; == &quot;XL&quot;">
<kw name="Set Variable" library="BuiltIn">
<var>${BS}</var>
<arg>3</arg>
<doc>Returns the given values which can then be assigned to a variables.</doc>
<status status="NOT RUN" starttime="20220616 21:03:27.239" endtime="20220616 21:03:27.240"/>
</kw>
<status status="NOT RUN" starttime="20220616 21:03:27.238" endtime="20220616 21:03:27.240"/>
</branch>
<branch type="ELSE">
<kw name="Set Variable" library="BuiltIn">
<var>${BS}</var>
<arg>4</arg>
<doc>Returns the given values which can then be assigned to a variables.</doc>
<status status="NOT RUN" starttime="20220616 21:03:27.240" endtime="20220616 21:03:27.240"/>
</kw>
<status status="NOT RUN" starttime="20220616 21:03:27.240" endtime="20220616 21:03:27.240"/>
</branch>
<status status="PASS" starttime="20220616 21:03:27.234" endtime="20220616 21:03:27.240"/>
</if>
<kw name="Log To Console" library="BuiltIn">
<arg>${BS}</arg>
<doc>Logs the given message to the console.</doc>
<status status="PASS" starttime="20220616 21:03:27.241" endtime="20220616 21:03:27.241"/>
</kw>
<kw name="Run Keyword And Return Status" library="BuiltIn">
<var>${AA}</var>
<arg>Element Should Be Visible</arg>
<arg>${PQR}</arg>
<doc>Runs the given keyword with given arguments and returns the status as a Boolean value.</doc>
<kw name="Element Should Be Visible" library="SeleniumLibrary">
<arg>${PQR}</arg>
<doc>Verifies that the element identified by ``locator`` is visible.</doc>
<msg timestamp="20220616 21:03:27.693" level="INFO">Element 'xpath://span[@id='size_name_2']' is displayed.</msg>
<status status="PASS" starttime="20220616 21:03:27.242" endtime="20220616 21:03:27.693"/>
</kw>
<msg timestamp="20220616 21:03:27.694" level="INFO">${AA} = True</msg>
<status status="PASS" starttime="20220616 21:03:27.242" endtime="20220616 21:03:27.694"/>
</kw>
<kw name="Run Keyword If" library="BuiltIn">
<arg>${AA}</arg>
<arg>Click Element</arg>
<arg>xpath://span[@id='size_name_${BS}']</arg>
<arg>ELSE</arg>
<arg>Click Element</arg>
<arg>xpath://*[text()=' ${Dataa} ']</arg>
<doc>Runs the given keyword with the given arguments, if ``condition`` is true.</doc>
<kw name="Click Element" library="SeleniumLibrary">
<arg>xpath://span[@id='size_name_${BS}']</arg>
<doc>Click the element identified by ``locator``.</doc>
<msg timestamp="20220616 21:03:27.696" level="INFO">Clicking element 'xpath://span[@id='size_name_1']'.</msg>
<status status="PASS" starttime="20220616 21:03:27.695" endtime="20220616 21:03:28.045"/>
</kw>
<status status="PASS" starttime="20220616 21:03:27.694" endtime="20220616 21:03:28.045"/>
</kw>
<kw name="Sleep" library="BuiltIn">
<arg>2s</arg>
<doc>Pauses the test executed for the given time.</doc>
<msg timestamp="20220616 21:03:30.046" level="INFO">Slept 2 seconds</msg>
<status status="PASS" starttime="20220616 21:03:28.045" endtime="20220616 21:03:30.046"/>
</kw>
<kw name="Wait For And Click On Element" library="Common">
<arg>${AddToCart}</arg>
<kw name="Scroll Element Into View" library="SeleniumLibrary">
<arg>${argx}</arg>
<doc>Scrolls the element identified by ``locator`` into view.</doc>
<status status="PASS" starttime="20220616 21:03:30.047" endtime="20220616 21:03:30.361"/>
</kw>
<kw name="Wait Until Page Contains Element" library="SeleniumLibrary">
<arg>${argx}</arg>
<arg>timeout=10s</arg>
<doc>Waits until the element ``locator`` appears on the current page.</doc>
<status status="PASS" starttime="20220616 21:03:30.361" endtime="20220616 21:03:30.523"/>
</kw>
<kw name="Click Element" library="SeleniumLibrary">
<arg>${argx}</arg>
<doc>Click the element identified by ``locator``.</doc>
<msg timestamp="20220616 21:03:30.524" level="INFO">Clicking element 'xpath://*[@id='add-to-cart-button']'.</msg>
<status status="PASS" starttime="20220616 21:03:30.523" endtime="20220616 21:03:32.575"/>
</kw>
<status status="PASS" starttime="20220616 21:03:30.047" endtime="20220616 21:03:32.575"/>
</kw>
<kw name="Wait For And Click On Element" library="Common">
<arg>${CartButton}</arg>
<kw name="Scroll Element Into View" library="SeleniumLibrary">
<arg>${argx}</arg>
<doc>Scrolls the element identified by ``locator`` into view.</doc>
<status status="PASS" starttime="20220616 21:03:32.576" endtime="20220616 21:03:33.051"/>
</kw>
<kw name="Wait Until Page Contains Element" library="SeleniumLibrary">
<arg>${argx}</arg>
<arg>timeout=10s</arg>
<doc>Waits until the element ``locator`` appears on the current page.</doc>
<status status="PASS" starttime="20220616 21:03:33.051" endtime="20220616 21:03:33.110"/>
</kw>
<kw name="Click Element" library="SeleniumLibrary">
<arg>${argx}</arg>
<doc>Click the element identified by ``locator``.</doc>
<msg timestamp="20220616 21:03:33.111" level="INFO">Clicking element 'xpath://*[@href='https://www.amazon.in/gp/cart/view.html?ref_=nav_cart']'.</msg>
<status status="PASS" starttime="20220616 21:03:33.111" endtime="20220616 21:03:37.026"/>
</kw>
<status status="PASS" starttime="20220616 21:03:32.575" endtime="20220616 21:03:37.026"/>
</kw>
<status status="PASS" starttime="20220616 21:03:26.177" endtime="20220616 21:03:37.026"/>
</kw>
<tag>Second</tag>
<status status="PASS" starttime="20220616 21:03:12.727" endtime="20220616 21:03:37.027"/>
</test>
<status status="PASS" starttime="20220616 21:03:06.700" endtime="20220616 21:03:37.029"/>
</suite>
<statistics>
<total>
<stat pass="1" fail="0" skip="0">All Tests</stat>
</total>
<tag>
<stat pass="1" fail="0" skip="0">Second</stat>
</tag>
<suite>
<stat pass="1" fail="0" skip="0" id="s1" name="TestCases">TestCases</stat>
</suite>
</statistics>
<errors>
</errors>
</robot>
